<?xml version="1.0" encoding="UTF-8"?>
<!-- Generated by org.testng.reporters.JUnitReportReporter -->
<testsuite hostname="DESKTOP-UMFO1FN" failures="0" tests="1" name="com.testRunner.OrangeHrmFullProject" time="17.813" errors="0" timestamp="2023-07-02T09:22:22 IST" skipped="0">
  <testcase classname="com.testRunner.OrangeHrmFullProject" name="broweserLaunch" time="17.813"/>
</testsuite> <!-- com.testRunner.OrangeHrmFullProject -->
