<?xml version="1.0" encoding="UTF-8"?>
<!-- Generated by org.testng.reporters.JUnitReportReporter -->
<testsuite hostname="DESKTOP-UMFO1FN" failures="0" tests="2" name="com.testRunner.SampleRunner" time="40.359" errors="0" timestamp="2023-07-01T08:37:06 IST" skipped="0">
  <testcase classname="com.testRunner.SampleRunner" name="searchInput1" time="21.261"/>
  <testcase classname="com.testRunner.SampleRunner" name="searchInput2" time="19.098"/>
</testsuite> <!-- com.testRunner.SampleRunner -->
