<?xml version="1.0" encoding="UTF-8"?>
<!-- Generated by org.testng.reporters.JUnitReportReporter -->
<testsuite hostname="DESKTOP-UMFO1FN" failures="0" tests="2" name="com.testRunner.Runner" time="59.974" errors="0" timestamp="2023-07-06T12:14:34 IST" skipped="0">
  <testcase classname="com.testRunner.Runner" name="login" time="11.456"/>
  <testcase classname="com.testRunner.Runner" name="pim" time="48.518"/>
</testsuite> <!-- com.testRunner.Runner -->
